
Gurobi 12.0.2 (win64) logging started Wed Jul  2 22:32:43 2025

Set parameter LogFile to value "C:\Users\kobia\Documents\git\pypsa-eur2\results\logs\base_s_25___2050_solver.log"
Gurobi Optimizer version 12.0.2 build v12.0.2rc0 (win64 - Windows 10.0 (19045.2))

CPU model: Intel(R) Core(TM) i9-9900KF CPU @ 3.60GHz, instruction set [SSE2|AVX|AVX2]
Thread count: 8 physical cores, 16 logical processors, using up to 8 threads

Non-default parameters:
Method  2
BarConvTol  1e-06
Crossover  0
AggFill  0
PreDual  0
Seed  123
Threads  8
GURO_PAR_BARDENSETHRESH  200

Optimize a model with 2869326 rows, 1354819 columns and 6711999 nonzeros
Model fingerprint: 0x3f715317
Coefficient statistics:
  Matrix range     [4e-04, 2e+02]
  Objective range  [1e-01, 2e+06]
  Bounds range     [7e-01, 6e+08]
  RHS range        [8e-02, 2e+08]
Presolve removed 1500676 rows and 204948 columns
Presolve time: 4.28s
Presolved: 1368650 rows, 1149871 columns, 4937108 nonzeros
Elapsed ordering time = 6s
Elapsed ordering time = 10s
Elapsed ordering time = 15s
Elapsed ordering time = 20s
Ordering time: 21.71s

Barrier statistics:
 Dense cols : 1078
 AA' NZ     : 5.399e+06
 Factor NZ  : 6.893e+07 (roughly 1.6 GB of memory)
 Factor Ops : 9.314e+10 (roughly 1 second per iteration)
 Threads    : 8

                  Objective                Residual
Iter       Primal          Dual         Primal    Dual     Compl     Time
   0   2.79011587e+15 -3.82420256e+14  2.38e+12 1.90e+02  2.21e+12    29s
   1   3.24448697e+15 -6.10463264e+14  1.96e+12 1.14e+04  1.18e+12    30s
   2   3.63829717e+15 -6.67495581e+14  1.44e+12 5.19e+03  7.39e+11    31s
   3   3.98241284e+15 -6.84983051e+14  9.93e+11 3.81e+03  5.23e+11    33s
   4   4.22798039e+15 -7.13896317e+14  5.87e+11 1.99e+03  3.03e+11    34s
   5   4.23285359e+15 -7.25251180e+14  3.88e+11 1.10e+03  1.91e+11    36s
   6   3.89098854e+15 -7.36192054e+14  1.97e+11 3.32e+02  8.94e+10    37s
   7   3.13242796e+15 -7.25177343e+14  9.41e+10 7.97e+02  4.33e+10    37s
   8   2.23426974e+15 -7.06196731e+14  3.98e+10 8.71e+02  1.99e+10    38s
   9   1.60450914e+15 -6.43064188e+14  1.95e+10 6.01e+02  9.98e+09    39s
  10   9.91661146e+14 -5.77977574e+14  8.07e+09 5.60e+02  4.67e+09    40s
  11   6.40605114e+14 -4.17458603e+14  3.87e+09 9.69e+02  2.05e+09    41s
  12   3.75507680e+14 -3.15342145e+14  1.75e+09 4.36e+02  9.71e+08    43s
  13   2.16510849e+14 -2.25361584e+14  8.32e+08 2.13e+02  4.86e+08    44s
  14   8.15196209e+13 -8.27416085e+13  2.40e+08 2.32e+01  1.37e+08    45s
  15   3.73815364e+13 -2.57426650e+13  9.96e+07 1.23e+00  4.66e+07    47s
  16   5.81293192e+12 -8.21634150e+12  1.44e+07 1.23e-01  7.72e+06    48s
  17   2.45307679e+12 -4.42110436e+12  5.50e+06 5.77e-02  3.40e+06    49s
  18   7.92617200e+11 -2.35359589e+12  1.26e+06 2.82e-02  1.40e+06    50s
  19   3.84052314e+11 -1.33027741e+12  4.65e+05 1.57e-02  7.35e+05    52s
  20   2.18630531e+11 -6.38165843e+11  1.55e+05 7.60e-03  3.60e+05    53s
  21   1.86953423e+11 -5.80669287e+11  1.14e+05 6.97e-03  3.21e+05    54s
  22   1.32392941e+11 -2.36281039e+11  3.94e+04 3.22e-03  1.53e+05    56s
  23   1.05887914e+11 -1.42995444e+11  1.60e+04 2.24e-03  1.03e+05    57s
  24   9.55887783e+10 -1.23440600e+11  1.09e+04 2.02e-03  9.08e+04    59s
  25   8.36655517e+10 -1.22356197e+11  9.62e+03 1.91e-03  8.54e+04    60s
  26   5.51305405e+10 -7.11169278e+10  6.54e+03 9.94e-04  5.23e+04    61s
  27   4.57075930e+10 -5.03704174e+10  5.04e+03 7.11e-04  3.98e+04    62s
  28   3.51569018e+10 -3.29178756e+10  3.60e+03 4.78e-04  2.82e+04    64s
  29   2.91587426e+10 -2.16334301e+10  2.90e+03 3.18e-04  2.10e+04    66s
  30   2.33051895e+10 -1.19841070e+10  2.23e+03 1.90e-04  1.46e+04    67s
  31   1.68367583e+10 -5.51562932e+09  1.54e+03 1.03e-04  9.25e+03    69s
  32   1.26627429e+10 -1.10827087e+09  1.05e+03 4.08e-05  5.70e+03    71s
  33   9.63541764e+09  1.03229274e+09  6.85e+02 1.57e-05  3.56e+03    72s
  34   8.20175248e+09  1.16053205e+09  5.68e-01 1.42e-05  2.91e+03    73s
  35   8.09021662e+09  1.21907368e+09  5.57e-01 1.35e-05  2.84e+03    75s
  36   6.85672910e+09  1.54157280e+09  4.28e-01 9.30e-06  2.20e+03    76s
  37   5.80372235e+09  2.05109135e+09  3.22e-01 3.42e-06  1.55e+03    77s
  38   4.72226842e+09  2.22670612e+09  2.21e-01 1.79e-06  1.03e+03    79s
  39   4.05204602e+09  2.32460436e+09  1.54e-01 1.13e-06  7.15e+02    80s
  40   3.74613040e+09  2.38065251e+09  1.25e-01 8.50e-07  5.65e+02    82s
  41   3.60523052e+09  2.40544314e+09  1.11e-01 7.38e-07  4.97e+02    83s
  42   3.48443267e+09  2.43417190e+09  9.77e-02 6.16e-07  4.35e+02    84s
  43   3.35076129e+09  2.45097097e+09  8.47e-02 5.50e-07  3.72e+02    86s
  44   3.19229981e+09  2.47198582e+09  6.81e-02 4.69e-07  2.98e+02    87s
  45   3.10159120e+09  2.49386243e+09  5.90e-02 3.88e-07  2.52e+02    89s
  46   3.06386850e+09  2.50731678e+09  5.45e-02 3.38e-07  2.30e+02    90s
  47   2.98657075e+09  2.53236502e+09  4.58e-02 2.40e-07  1.88e+02    92s
  48   2.86891650e+09  2.54399861e+09  3.27e-02 1.95e-07  1.34e+02    94s
  49   2.82800009e+09  2.55840852e+09  2.78e-02 1.44e-07  1.12e+02    96s
  50   2.76533371e+09  2.57073093e+09  2.02e-02 9.65e-08  8.05e+01    98s
  51   2.72775320e+09  2.57636373e+09  1.59e-02 7.50e-08  6.27e+01   100s
  52   2.70100658e+09  2.58033852e+09  1.28e-02 9.71e-08  4.99e+01   101s
  53   2.67868315e+09  2.58321758e+09  1.00e-02 1.32e-07  3.95e+01   103s
  54   2.67172748e+09  2.58552165e+09  9.20e-03 1.65e-07  3.57e+01   105s
  55   2.66247086e+09  2.58645043e+09  8.18e-03 1.81e-07  3.15e+01   107s
  56   2.65386096e+09  2.58894960e+09  7.11e-03 2.21e-07  2.69e+01   108s
  57   2.64132758e+09  2.59042184e+09  5.65e-03 2.50e-07  2.11e+01   110s
  58   2.63483650e+09  2.59164537e+09  4.94e-03 2.58e-07  1.79e+01   112s
  59   2.62539941e+09  2.59249662e+09  3.78e-03 2.52e-07  1.36e+01   114s
  60   2.61800026e+09  2.59336295e+09  1.16e-01 2.27e-07  1.02e+01   115s
  61   2.61180891e+09  2.59420484e+09  1.96e-01 1.84e-07  7.29e+00   117s
  62   2.60884901e+09  2.59458839e+09  1.66e-01 1.54e-07  5.90e+00   118s
  63   2.60611426e+09  2.59480963e+09  1.50e-01 1.33e-07  4.68e+00   120s
  64   2.60332597e+09  2.59499462e+09  1.45e-01 1.12e-07  3.45e+00   122s
  65   2.60090074e+09  2.59509344e+09  1.32e-01 9.95e-08  2.40e+00   123s
  66   2.60012498e+09  2.59533078e+09  1.27e-01 6.71e-08  1.98e+00   125s
  67   2.59932667e+09  2.59540694e+09  1.03e-01 5.49e-08  1.62e+00   127s
  68   2.59850850e+09  2.59546096e+09  7.99e-02 4.58e-08  1.26e+00   128s
  69   2.59795684e+09  2.59550612e+09  6.40e-02 3.59e-08  1.01e+00   130s
  70   2.59726107e+09  2.59554132e+09  4.94e-02 3.03e-08  7.12e-01   131s
  71   2.59685449e+09  2.59556641e+09  4.20e-02 2.55e-08  5.33e-01   133s
  72   2.59667037e+09  2.59558635e+09  3.50e-02 2.16e-08  4.49e-01   135s
  73   2.59639889e+09  2.59559670e+09  2.64e-02 2.08e-08  3.32e-01   136s
  74   2.59628275e+09  2.59561070e+09  2.28e-02 2.40e-08  2.78e-01   138s
  75   2.59601885e+09  2.59562390e+09  1.33e-02 7.66e-08  1.63e-01   140s
  76   2.59597360e+09  2.59562672e+09  1.21e-02 1.03e-07  1.44e-01   141s
  77   2.59586456e+09  2.59563295e+09  8.04e-03 3.31e-08  9.58e-02   143s
  78   2.59580147e+09  2.59563462e+09  5.87e-03 2.98e-08  6.90e-02   144s
  79   2.59577128e+09  2.59563581e+09  4.78e-03 5.10e-08  5.61e-02   145s
  80   2.59574103e+09  2.59563629e+09  3.63e-03 4.37e-08  4.33e-02   146s
  81   2.59571750e+09  2.59563671e+09  2.79e-03 2.91e-08  3.34e-02   148s
  82   2.59571394e+09  2.59563716e+09  2.65e-03 4.46e-08  3.18e-02   149s
  83   2.59568614e+09  2.59563792e+09  1.63e-03 1.84e-07  2.00e-02   151s
  84   2.59566039e+09  2.59563891e+09  7.05e-04 1.02e-06  8.89e-03   152s
  85   2.59564743e+09  2.59563920e+09  2.70e-04 3.94e-07  3.41e-03   154s
  86   2.59564261e+09  2.59563931e+09  9.74e-05 2.46e-06  1.36e-03   156s
  87   2.59564117e+09  2.59563948e+09  4.95e-05 3.57e-07  7.00e-04   157s

Barrier solved model in 87 iterations and 157.15 seconds (136.20 work units)
Optimal objective 2.59564117e+09

