
Gurobi 12.0.2 (win64) logging started Thu Jul  3 13:07:30 2025

Set parameter LogFile to value "C:\Users\kobia\Documents\git\pypsa-eur2\results\logs\base_s_25___2050_solver.log"
Gurobi Optimizer version 12.0.2 build v12.0.2rc0 (win64 - Windows 10.0 (19045.2))

CPU model: Intel(R) Core(TM) i9-9900KF CPU @ 3.60GHz, instruction set [SSE2|AVX|AVX2]
Thread count: 8 physical cores, 16 logical processors, using up to 8 threads

Non-default parameters:
Method  2
BarConvTol  1e-06
Crossover  0
AggFill  0
PreDual  0
Seed  123
Threads  8
GURO_PAR_BARDENSETHRESH  200

Optimize a model with 2869326 rows, 1354819 columns and 6711999 nonzeros
Model fingerprint: 0x6f7759a7
Coefficient statistics:
  Matrix range     [4e-04, 2e+02]
  Objective range  [1e-01, 2e+06]
  Bounds range     [7e-01, 6e+08]
  RHS range        [8e-02, 2e+08]
Presolve removed 1500676 rows and 204948 columns
Presolve time: 4.27s
Presolved: 1368650 rows, 1149871 columns, 4937108 nonzeros
Elapsed ordering time = 6s
Elapsed ordering time = 10s
Elapsed ordering time = 15s
Ordering time: 21.35s

Barrier statistics:
 Dense cols : 1078
 AA' NZ     : 5.399e+06
 Factor NZ  : 6.761e+07 (roughly 1.6 GB of memory)
 Factor Ops : 8.574e+10 (less than 1 second per iteration)
 Threads    : 8

                  Objective                Residual
Iter       Primal          Dual         Primal    Dual     Compl     Time
   0   2.81864186e+15 -3.82413030e+14  2.41e+12 1.90e+02  2.23e+12    29s
   1   3.27766889e+15 -6.15343803e+14  1.98e+12 1.14e+04  1.19e+12    30s
   2   3.67551033e+15 -6.74743397e+14  1.46e+12 5.19e+03  7.47e+11    31s
   3   4.02335763e+15 -6.92607074e+14  1.00e+12 3.81e+03  5.28e+11    32s
   4   4.27138658e+15 -7.21121110e+14  5.93e+11 1.99e+03  3.06e+11    34s
   5   4.27617513e+15 -7.32415842e+14  3.91e+11 1.10e+03  1.93e+11    35s
   6   3.92991262e+15 -7.43570302e+14  1.98e+11 3.33e+02  9.00e+10    36s
   7   3.16151919e+15 -7.32438009e+14  9.45e+10 6.74e+02  4.35e+10    37s
   8   2.25315419e+15 -7.13399885e+14  3.99e+10 8.23e+02  2.00e+10    38s
   9   1.61815087e+15 -6.50514991e+14  1.96e+10 4.32e+02  1.01e+10    38s
  10   1.00130698e+15 -5.84783517e+14  8.10e+09 3.66e+02  4.70e+09    39s
  11   6.46308798e+14 -4.23682776e+14  3.88e+09 1.03e+03  2.06e+09    41s
  12   3.78318984e+14 -3.21352955e+14  1.75e+09 4.62e+02  9.75e+08    42s
  13   2.17034227e+14 -2.30357104e+14  8.26e+08 2.25e+02  4.86e+08    43s
  14   8.67202425e+13 -8.58432439e+13  2.60e+08 2.42e+01  1.45e+08    44s
  15   3.84505934e+13 -2.69346553e+13  1.03e+08 1.29e+00  4.81e+07    46s
  16   6.41166576e+12 -9.96391656e+12  1.59e+07 1.55e-01  8.99e+06    47s
  17   3.03956133e+12 -5.46724033e+12  6.88e+06 7.52e-02  4.25e+06    48s
  18   1.07866495e+12 -2.49655194e+12  2.00e+06 3.09e-02  1.63e+06    49s
  19   4.54626094e+11 -1.38915828e+12  6.36e+05 1.66e-02  7.99e+05    51s
  20   2.58296552e+11 -6.83599569e+11  2.28e+05 8.30e-03  3.98e+05    52s
  21   2.05137703e+11 -6.22883947e+11  1.47e+05 7.61e-03  3.48e+05    53s
  22   1.49405118e+11 -2.74936014e+11  5.79e+04 3.84e-03  1.77e+05    54s
  23   1.21314238e+11 -1.79295633e+11  2.56e+04 2.79e-03  1.25e+05    55s
  24   1.11800012e+11 -1.50510203e+11  1.90e+04 2.48e-03  1.09e+05    57s
  25   6.82506901e+10 -1.02651356e+11  1.28e+04 1.56e-03  7.08e+04    58s
  26   4.94487692e+10 -6.72888607e+10  8.34e+03 1.06e-03  4.84e+04    59s
  27   4.31328858e+10 -5.02953861e+10  6.96e+03 8.01e-04  3.87e+04    60s
  28   3.60425427e+10 -3.64385477e+10  5.63e+03 5.91e-04  3.00e+04    62s
  29   3.31054668e+10 -2.76470632e+10  5.16e+03 4.67e-04  2.52e+04    64s
  30   2.61432434e+10 -2.47619859e+10  3.81e+03 4.35e-04  2.11e+04    65s
  31   2.16107233e+10 -1.71311438e+10  3.08e+03 2.98e-04  1.60e+04    67s
  32   1.74715880e+10 -1.31815742e+10  2.38e+03 2.40e-04  1.27e+04    69s
  33   1.34661659e+10 -6.38043828e+09  1.71e+03 1.40e-04  8.21e+03    70s
  34   1.10399478e+10 -2.18102695e+09  1.28e+03 7.26e-05  5.47e+03    72s
  35   8.73176389e+09 -5.53805842e+08  9.33e-01 4.73e-05  3.84e+03    74s
  36   7.54518830e+09  9.89387754e+07  7.98e-01 2.88e-05  3.08e+03    76s
  37   6.66611984e+09  9.22245168e+08  6.70e-01 1.62e-05  2.38e+03    77s
  38   5.06172995e+09  1.54860220e+09  4.36e-01 5.73e-06  1.45e+03    79s
  39   3.98151425e+09  1.80496087e+09  2.78e-01 2.33e-06  9.01e+02    81s
  40   3.57934289e+09  1.89964989e+09  2.20e-01 1.52e-06  6.95e+02    82s
  41   3.42218932e+09  1.93784238e+09  1.97e-01 1.24e-06  6.14e+02    83s
  42   3.22684802e+09  1.95495614e+09  1.67e-01 1.12e-06  5.26e+02    85s
  43   3.12604018e+09  1.97680178e+09  1.52e-01 9.73e-07  4.76e+02    86s
  44   2.98462874e+09  1.99264188e+09  1.30e-01 8.79e-07  4.11e+02    87s
  45   2.82431081e+09  2.01291598e+09  1.08e-01 7.54e-07  3.36e+02    88s
  46   2.77156884e+09  2.03711785e+09  1.00e-01 6.12e-07  3.04e+02    90s
  47   2.66251210e+09  2.05521126e+09  8.37e-02 5.08e-07  2.51e+02    92s
  48   2.56607731e+09  2.07522787e+09  6.88e-02 3.88e-07  2.03e+02    93s
  49   2.50562179e+09  2.08783235e+09  5.91e-02 3.15e-07  1.73e+02    95s
  50   2.42772010e+09  2.10234117e+09  4.68e-02 2.31e-07  1.35e+02    97s
  51   2.38473430e+09  2.11382017e+09  4.01e-02 1.68e-07  1.12e+02    98s
  52   2.31834875e+09  2.11937275e+09  2.96e-02 1.39e-07  8.24e+01   100s
  53   2.28413657e+09  2.12739202e+09  2.38e-02 9.66e-08  6.49e+01   102s
  54   2.24153210e+09  2.13425225e+09  1.64e-02 5.78e-08  4.44e+01   103s
  55   2.20084458e+09  2.13767962e+09  9.54e-03 4.03e-08  2.61e+01   105s
  56   2.17552461e+09  2.14204051e+09  5.10e-03 1.72e-08  1.39e+01   107s
  57   2.16777947e+09  2.14294975e+09  3.92e-03 1.26e-08  1.03e+01   108s
  58   2.16545515e+09  2.14332317e+09  3.55e-03 1.08e-08  9.16e+00   109s
  59   2.16150195e+09  2.14354993e+09  2.84e-03 9.77e-09  7.43e+00   110s
  60   2.15953384e+09  2.14377626e+09  2.48e-03 8.55e-09  6.52e+00   112s
  61   2.15894339e+09  2.14398278e+09  2.38e-03 7.57e-09  6.19e+00   113s
  62   2.15651728e+09  2.14427254e+09  1.95e-03 5.82e-09  5.07e+00   114s
  63   2.15345873e+09  2.14462252e+09  1.41e-03 6.26e-09  3.66e+00   116s
  64   2.15219526e+09  2.14483851e+09  1.19e-03 6.05e-09  3.05e+00   118s
  65   2.15158919e+09  2.14496379e+09  1.10e-03 5.81e-09  2.74e+00   119s
  66   2.15115730e+09  2.14498163e+09  1.02e-03 5.46e-09  2.56e+00   121s
  67   2.14990836e+09  2.14512606e+09  7.90e-04 8.64e-09  1.98e+00   123s
  68   2.14829954e+09  2.14527839e+09  4.94e-04 1.32e-08  1.25e+00   124s
  69   2.14739895e+09  2.14535340e+09  3.39e-04 1.50e-08  8.47e-01   126s
  70   2.14688282e+09  2.14540185e+09  2.47e-04 1.16e-08  6.13e-01   128s
  71   2.14675386e+09  2.14541792e+09  2.23e-04 1.42e-08  5.53e-01   129s
  72   2.14625133e+09  2.14543313e+09  1.35e-04 1.24e-08  3.39e-01   131s
  73   2.14596393e+09  2.14546009e+09  8.38e-05 1.78e-08  2.09e-01   132s
  74   2.14573677e+09  2.14546518e+09  4.66e-05 2.51e-08  1.12e-01   134s
  75   2.14563539e+09  2.14547582e+09  5.05e-05 4.03e-08  6.61e-02   135s
  76   2.14561404e+09  2.14548073e+09  4.28e-05 4.15e-08  5.52e-02   136s
  77   2.14558247e+09  2.14548305e+09  3.29e-05 4.18e-08  4.12e-02   138s
  78   2.14557315e+09  2.14548447e+09  2.98e-05 4.05e-08  3.67e-02   139s
  79   2.14554128e+09  2.14548531e+09  2.08e-05 3.97e-08  2.32e-02   140s
  80   2.14552605e+09  2.14548682e+09  1.47e-05 1.28e-07  1.62e-02   141s
  81   2.14550968e+09  2.14549008e+09  8.82e-06 3.53e-08  8.11e-03   143s
  82   2.14550221e+09  2.14549121e+09  4.58e-06 1.93e-07  4.55e-03   145s
  83   2.14549865e+09  2.14549248e+09  1.38e-05 4.03e-07  2.56e-03   147s
  84   2.14549589e+09  2.14549276e+09  1.04e-05 2.72e-07  1.30e-03   148s
  85   2.14549427e+09  2.14549286e+09  4.25e-05 1.77e-07  5.87e-04   149s
  86   2.14549359e+09  2.14549291e+09  1.92e-05 9.31e-08  2.81e-04   150s
  87   2.14549329e+09  2.14549294e+09  7.06e-06 5.99e-08  1.43e-04   152s

Barrier solved model in 87 iterations and 151.75 seconds (131.31 work units)
Optimal objective 2.14549329e+09

