WARNING:pypsa.network.io:Importing network from PyPSA version v0.0.0 while current version is v0.35.0. Read the release notes at https://pypsa.readthedocs.io/en/latest/release_notes.html to prepare your network for import.
INFO:pypsa.network.io:Imported network 'Unnamed Network' has buses, carriers, generators, global_constraints, lines, links, loads, storage_units, stores
WARNING:pypsa.consistency:The following buses have no attached components, which can break the lopf: {'EU'}
INFO:__main__:Adding solar potential constraint.
INFO:linopy.model: Solve problem using Gurobi solver
INFO:linopy.model:Solver logs written to `results/logs/base_s_25___2050_solver.log`.
INFO:linopy.model:Solver options:
 - threads: 8
 - method: 2
 - crossover: 0
 - BarConvTol: 1e-06
 - Seed: 123
 - AggFill: 0
 - PreDual: 0
 - GURO_PAR_BARDENSETHRESH: 200
INFO:linopy.io:Writing objective.
INFO:linopy.io: Writing time: 21.57s
INFO:linopy.constants: Optimization successful: 
Status: ok
Termination condition: optimal
Solution: 1354819 primals, 2869326 duals
Objective: 2.15e+09
Solver model: available
Solver message: 2

INFO:pypsa.optimization.optimize:The shadow-prices of the constraints Generator-fix-p-lower, Generator-fix-p-upper, Generator-ext-p-lower, Generator-ext-p-upper, Line-ext-s-lower, Line-ext-s-upper, Link-fix-p-lower, Link-fix-p-upper, Link-ext-p-lower, Link-ext-p-upper, Store-fix-e-lower, Store-fix-e-upper, Store-ext-e-lower, Store-ext-e-upper, StorageUnit-fix-p_dispatch-lower, StorageUnit-fix-p_dispatch-upper, StorageUnit-fix-p_store-lower, StorageUnit-fix-p_store-upper, StorageUnit-fix-state_of_charge-lower, StorageUnit-fix-state_of_charge-upper, Kirchhoff-Voltage-Law, StorageUnit-energy_balance, Store-energy_balance, Line-loss_upper, Line-loss_tangents-1--1, Line-loss_tangents-1-1, Line-loss_tangents-2--1, Line-loss_tangents-2-1, solar_potential, TES_energy_to_power_ratio, TES_charger_ratio were not assigned to the network.
INFO:__main__:Maximum memory usage: (2856.4140625, 1751535116.125275)
INFO:pypsa.network.io:Exported network 'Unnamed Network'saved to 'results/networks/base_s_25___2050.nc contains: links, loads, storage_units, stores, carriers, global_constraints, buses, generators, lines
