
Gurobi 12.0.2 (win64) logging started Thu Jul  3 12:29:58 2025

Set parameter LogFile to value "C:\Users\kobia\Documents\git\pypsa-eur2\results\logs\base_s_25___2050_solver.log"
Gurobi Optimizer version 12.0.2 build v12.0.2rc0 (win64 - Windows 10.0 (19045.2))

CPU model: Intel(R) Core(TM) i9-9900KF CPU @ 3.60GHz, instruction set [SSE2|AVX|AVX2]
Thread count: 8 physical cores, 16 logical processors, using up to 8 threads

Non-default parameters:
Method  2
BarConvTol  1e-06
Crossover  0
AggFill  0
PreDual  0
Seed  123
Threads  8
GURO_PAR_BARDENSETHRESH  200

Optimize a model with 2869326 rows, 1354819 columns and 6711999 nonzeros
Model fingerprint: 0xa0acd734
Coefficient statistics:
  Matrix range     [4e-04, 2e+02]
  Objective range  [1e-01, 2e+06]
  Bounds range     [7e-01, 6e+08]
  RHS range        [8e-02, 2e+08]
Presolve removed 1500676 rows and 204948 columns
Presolve time: 4.29s
Presolved: 1368650 rows, 1149871 columns, 4937108 nonzeros
Elapsed ordering time = 6s
Elapsed ordering time = 10s
Elapsed ordering time = 15s
Ordering time: 21.05s

Barrier statistics:
 Dense cols : 1078
 AA' NZ     : 5.399e+06
 Factor NZ  : 6.844e+07 (roughly 1.6 GB of memory)
 Factor Ops : 8.958e+10 (roughly 1 second per iteration)
 Threads    : 8

                  Objective                Residual
Iter       Primal          Dual         Primal    Dual     Compl     Time
   0   3.89657003e+15 -3.82407372e+14  3.33e+12 1.90e+02  3.08e+12    29s
   1   4.53115163e+15 -6.25490062e+14  2.73e+12 1.14e+04  1.65e+12    30s
   2   5.08083774e+15 -6.93184787e+14  2.02e+12 5.19e+03  1.03e+12    31s
   3   5.55968570e+15 -7.09238644e+14  1.39e+12 3.82e+03  7.31e+11    33s
   4   5.90316401e+15 -7.33056244e+14  8.22e+11 1.99e+03  4.24e+11    35s
   5   5.91082085e+15 -7.44469678e+14  5.50e+11 1.11e+03  2.71e+11    36s
   6   5.44919569e+15 -7.56669243e+14  2.86e+11 5.19e+02  1.29e+11    37s
   7   4.38854898e+15 -7.50569135e+14  1.38e+11 6.40e+02  6.26e+10    38s
   8   3.15066629e+15 -7.36526918e+14  5.92e+10 7.57e+02  2.90e+10    39s
   9   2.26708042e+15 -6.86435782e+14  2.90e+10 8.58e+02  1.44e+10    40s
  10   1.39542308e+15 -6.34713358e+14  1.20e+10 8.41e+02  6.73e+09    41s
  11   8.71857978e+14 -4.93050409e+14  5.35e+09 1.89e+03  2.85e+09    43s
  12   5.42539509e+14 -3.76919196e+14  2.61e+09 7.67e+02  1.41e+09    44s
  13   3.09311536e+14 -2.87849129e+14  1.23e+09 4.02e+02  7.04e+08    45s
  14   1.14450658e+14 -1.19471686e+14  3.35e+08 5.16e+01  1.98e+08    46s
  15   5.77242792e+13 -3.89819008e+13  1.57e+08 5.63e+00  7.51e+07    48s
  16   8.78668102e+12 -1.49861144e+13  1.83e+07 6.18e-01  1.27e+07    49s
  17   4.05741135e+12 -5.39301708e+12  7.30e+06 1.57e-01  4.68e+06    50s
  18   1.56341990e+12 -2.61128908e+12  2.31e+06 6.71e-02  1.91e+06    51s
  19   7.59160896e+11 -1.53289121e+12  9.72e+05 3.81e-02  1.01e+06    53s
  20   4.49442335e+11 -8.14317565e+11  5.08e+05 2.03e-02  5.46e+05    54s
  21   2.91027680e+11 -7.24883387e+11  2.50e+05 1.82e-02  4.31e+05    55s
  22   2.27563778e+11 -3.33738405e+11  1.60e+05 9.26e-03  2.37e+05    56s
  23   1.49467096e+11 -2.07083051e+11  5.57e+04 6.38e-03  1.49e+05    58s
  24   1.35692956e+11 -1.83744350e+11  4.22e+04 5.86e-03  1.33e+05    59s
  25   9.65385834e+10 -1.56128892e+11  3.10e+04 4.90e-03  1.05e+05    60s
  26   7.02904518e+10 -7.83404436e+10  2.03e+04 2.61e-03  6.17e+04    62s
  27   4.23585768e+10 -6.15114715e+10  8.35e+03 2.05e-03  4.30e+04    63s
  28   3.96687861e+10 -5.28414786e+10  7.52e+03 1.82e-03  3.83e+04    65s
  29   3.76162824e+10 -5.20484246e+10  7.23e+03 1.80e-03  3.72e+04    66s
  30   3.20259769e+10 -3.85640123e+10  6.05e+03 1.37e-03  2.92e+04    68s
  31   2.56023968e+10 -2.45499403e+10  4.75e+03 9.53e-04  2.08e+04    69s
  32   2.11965950e+10 -1.65680527e+10  3.80e+03 6.62e-04  1.56e+04    71s
  33   1.71818414e+10 -1.28923116e+10  2.96e+03 5.36e-04  1.25e+04    73s
  34   1.25585684e+10 -3.27317230e+09  1.96e+03 1.93e-04  6.55e+03    74s
  35   1.02940813e+10 -1.25776855e+09  1.48e+03 1.25e-04  4.78e+03    76s
  36   7.23297420e+09 -1.55339457e+08  8.82e-01 8.31e-05  3.06e+03    78s
  37   6.62172026e+09  2.26825056e+08  7.96e-01 5.87e-05  2.65e+03    79s
  38   5.76707271e+09  8.26617555e+08  6.39e-01 3.90e-05  2.04e+03    80s
  39   4.91807932e+09  1.45056611e+09  4.88e-01 1.77e-05  1.44e+03    82s
  40   4.05108996e+09  1.75113110e+09  3.45e-01 8.00e-06  9.52e+02    83s
  41   3.51148634e+09  1.88900470e+09  2.54e-01 4.49e-06  6.72e+02    85s
  42   3.24494156e+09  1.94247950e+09  2.08e-01 3.37e-06  5.39e+02    86s
  43   3.08282361e+09  1.96530960e+09  1.80e-01 2.95e-06  4.63e+02    88s
  44   3.01322589e+09  1.98466982e+09  1.66e-01 2.58e-06  4.26e+02    89s
  45   2.91085385e+09  2.01454782e+09  1.47e-01 2.04e-06  3.71e+02    90s
  46   2.74974535e+09  2.04479781e+09  1.17e-01 1.54e-06  2.92e+02    92s
  47   2.66777733e+09  2.06322468e+09  1.02e-01 1.23e-06  2.50e+02    93s
  48   2.49938517e+09  2.08215462e+09  7.01e-02 9.32e-07  1.73e+02    95s
  49   2.42915619e+09  2.08904955e+09  5.60e-02 8.25e-07  1.41e+02    96s
  50   2.42039177e+09  2.09513044e+09  5.46e-02 7.35e-07  1.35e+02    98s
  51   2.35494867e+09  2.10684249e+09  4.23e-02 5.61e-07  1.03e+02   100s
  52   2.30269659e+09  2.11427829e+09  3.20e-02 4.54e-07  7.80e+01   102s
  53   2.27041665e+09  2.12540556e+09  2.57e-02 2.92e-07  6.00e+01   103s
  54   2.22500819e+09  2.13371814e+09  1.64e-02 1.72e-07  3.78e+01   105s
  55   2.19497825e+09  2.13759581e+09  1.00e-02 1.13e-07  2.38e+01   107s
  56   2.17211314e+09  2.14095296e+09  5.28e-03 6.69e-08  1.29e+01   108s
  57   2.16114663e+09  2.14179448e+09  3.03e-03 5.45e-08  8.01e+00   110s
  58   2.15808049e+09  2.14302855e+09  2.42e-03 3.71e-08  6.23e+00   111s
  59   2.15670695e+09  2.14331451e+09  2.15e-03 3.30e-08  5.54e+00   112s
  60   2.15595686e+09  2.14346354e+09  2.00e-03 3.09e-08  5.17e+00   113s
  61   2.15489171e+09  2.14378031e+09  1.79e-03 2.60e-08  4.60e+00   115s
  62   2.15191251e+09  2.14431447e+09  1.21e-03 1.81e-08  3.14e+00   116s
  63   2.15038364e+09  2.14461199e+09  9.11e-04 1.36e-08  2.39e+00   118s
  64   2.14856432e+09  2.14494264e+09  5.84e-04 8.58e-09  1.50e+00   120s
  65   2.14741492e+09  2.14521979e+09  3.77e-04 1.06e-08  9.09e-01   121s
  66   2.14693758e+09  2.14531436e+09  2.97e-04 2.08e-08  6.72e-01   123s
  67   2.14653233e+09  2.14537101e+09  2.06e-04 3.63e-08  4.81e-01   125s
  68   2.14627672e+09  2.14540284e+09  1.56e-04 3.11e-08  3.62e-01   126s
  69   2.14625080e+09  2.14540961e+09  1.52e-04 2.92e-08  3.48e-01   127s
  70   2.14616971e+09  2.14543587e+09  1.28e-04 3.09e-08  3.04e-01   128s
  71   2.14602078e+09  2.14544747e+09  1.10e-04 7.94e-08  2.37e-01   130s
  72   2.14576368e+09  2.14546347e+09  7.68e-05 5.73e-08  1.24e-01   132s
  73   2.14565541e+09  2.14547542e+09  4.31e-05 9.10e-08  7.45e-02   133s
  74   2.14560940e+09  2.14548190e+09  3.45e-05 9.97e-08  5.28e-02   135s
  75   2.14557761e+09  2.14548858e+09  2.34e-05 3.70e-07  3.69e-02   136s
  76   2.14554520e+09  2.14549615e+09  1.35e-05 1.17e-06  2.03e-02   138s
  77   2.14553037e+09  2.14549881e+09  8.72e-06 8.98e-07  1.31e-02   139s
  78   2.14551885e+09  2.14550051e+09  5.09e-06 6.43e-06  7.59e-03   140s
  79   2.14551376e+09  2.14550122e+09  3.58e-06 7.79e-06  5.19e-03   141s
  80   2.14550858e+09  2.14550188e+09  1.97e-06 1.21e-05  2.78e-03   142s
  81   2.14550814e+09  2.14550241e+09  1.82e-06 9.23e-06  2.37e-03   143s
  82   2.14550647e+09  2.14550264e+09  3.64e-05 5.45e-06  1.59e-03   144s
  83   2.14550494e+09  2.14550280e+09  2.04e-05 2.52e-06  8.85e-04   145s

Barrier solved model in 83 iterations and 145.29 seconds (122.10 work units)
Optimal objective 2.14550494e+09

