MEM 635.878906 1751408170.3843
MEM 635.882812 1751408170.3893
MEM 6328.421875 1751408200.4063
MEM 6091.992188 1751408230.4250
MEM 6092.535156 1751408260.4306
MEM 6097.671875 1751408290.4454
MEM 6397.933594 1751408320.4627
MEM 6173.699219 1751408350.4805
MEM 6073.214844 1751408380.4939
MEM 6025.343750 1751408410.5127
MEM 6042.863281 1751408440.5254
MEM 6072.171875 1751408470.5433
MEM 6059.660156 1751408500.5511
MEM 9959.027344 1751408530.5561
MEM 10323.300781 1751408560.5761
MEM 12811.914062 1751408590.5879
MEM 13533.988281 1751408620.6006
MEM 21962.789062 1751408650.6077
MEM 17822.757812 1751408680.6276
MEM 17381.371094 1751408710.6406
MEM 10024.589844 1751408740.6514
MEM 11174.148438 1751408770.6612
MEM 10804.937500 1751408800.6799
MEM 10632.894531 1751408830.6919
MEM 20534.687500 1751408860.7117
MEM 20143.777344 1751408890.7195
MEM 14521.835938 1751408920.7373
MEM 12086.601562 1751408950.7541
MEM 12226.613281 1751408980.7679
MEM 12090.125000 1751409010.7787
MEM 11621.492188 1751409040.7955
MEM 15673.023438 1751409070.8122
MEM 16026.640625 1751409100.8240
